Crawser_Start ----------------> 
/home/ubuntu/Python/python_xyft/Dao/MysqlDBManager.py:11: Warning: Table 'person' already exists
  result = cur.execute(sql)
/home/ubuntu/Python/python_xyft/Dao/MysqlDBManager.py:11: Warning: Table 'beatlist' already exists
  result = cur.execute(sql)
Crawser_Start ----------------> 
DELETE FROM xyft.tongji WHERE qishu > 0;
()
()
()
()
()
()
()
()
()
()
Crawser_Start ----------------> 
Crawser_Start ----------------> 
Crawser_Start ----------------> 
Crawser_Start ----------------> 
/home/ubuntu/Python/python_xyft/Dao/MysqlDBManager.py:11: Warning: Table 'person' already exists
  result = cur.execute(sql)
/home/ubuntu/Python/python_xyft/Dao/MysqlDBManager.py:11: Warning: Table 'beatlist' already exists
  result = cur.execute(sql)
Crawser_Start ----------------> 
DELETE FROM xyft.tongji WHERE qishu > 0;
insert into person(personID,name,device,headImage,level,money,status) values (100,'幸运计划','幸运计划','0',0,0,'0')
()
insert into person(personID,name,device,headImage,level,money,status) values (101,'牛牛计划','牛牛计划','0',0,0,'0')
()
insert into person(personID,name,device,headImage,level,money,status) values (102,'彩蛋计划','彩蛋计划','0',0,0,'0')
()
insert into person(personID,name,device,headImage,level,money,status) values (103,'水果计划','水果计划','0',0,0,'0')
()
insert into person(personID,name,device,headImage,level,money,status) values (104,'主席计划','主席计划','0',0,0,'0')
()
insert into person(personID,name,device,headImage,level,money,status) values (105,'山羊计划','山羊计划','0',0,0,'0')
()
insert into person(personID,name,device,headImage,level,money,status) values (106,'盖伦计划','盖伦计划','0',0,0,'0')
()
insert into person(personID,name,device,headImage,level,money,status) values (107,'小黑计划','小黑计划','0',0,0,'0')
()
insert into person(personID,name,device,headImage,level,money,status) values (108,'进取计划','进取计划','0',0,0,'0')
()
insert into person(personID,name,device,headImage,level,money,status) values (109,'勇气计划','勇气计划','0',0,0,'0')
()
Crawser_Start ----------------> 
Crawser_Start ----------------> 
Crawser_Start ----------------> 
Crawser_Start ----------------> 
/home/ubuntu/Python/python_xyft/Dao/MysqlDBManager.py:11: Warning: Table 'person' already exists
  result = cur.execute(sql)
/home/ubuntu/Python/python_xyft/Dao/MysqlDBManager.py:11: Warning: Table 'beatlist' already exists
  result = cur.execute(sql)
Crawser_Start ----------------> 
DELETE FROM xyft.tongji WHERE qishu > 0;
Crawser_Start ----------------> 
Crawser_Start ----------------> 
Crawser_Start ----------------> 
Crawser_Start ----------------> 
/home/ubuntu/Python/python_xyft/Dao/MysqlDBManager.py:11: Warning: Table 'person' already exists
  result = cur.execute(sql)
/home/ubuntu/Python/python_xyft/Dao/MysqlDBManager.py:11: Warning: Table 'beatlist' already exists
  result = cur.execute(sql)
Crawser_Start ----------------> 
DELETE FROM xyft.tongji WHERE qishu > 0;
insert into person(personID,name,device,headImage,level,money,status) values (100,'幸运计划','幸运计划','0',0,0,'0')
()
insert into person(personID,name,device,headImage,level,money,status) values (101,'牛牛计划','牛牛计划','0',0,0,'0')
()
insert into person(personID,name,device,headImage,level,money,status) values (102,'彩蛋计划','彩蛋计划','0',0,0,'0')
()
insert into person(personID,name,device,headImage,level,money,status) values (103,'水果计划','水果计划','0',0,0,'0')
()
insert into person(personID,name,device,headImage,level,money,status) values (104,'主席计划','主席计划','0',0,0,'0')
()
insert into person(personID,name,device,headImage,level,money,status) values (105,'山羊计划','山羊计划','0',0,0,'0')
()
insert into person(personID,name,device,headImage,level,money,status) values (106,'盖伦计划','盖伦计划','0',0,0,'0')
()
insert into person(personID,name,device,headImage,level,money,status) values (107,'小黑计划','小黑计划','0',0,0,'0')
()
insert into person(personID,name,device,headImage,level,money,status) values (108,'进取计划','进取计划','0',0,0,'0')
()
insert into person(personID,name,device,headImage,level,money,status) values (109,'勇气计划','勇气计划','0',0,0,'0')
()
Crawser_Start ----------------> 
Crawser_Start ----------------> 
Crawser_Start ----------------> 
/home/ubuntu/Python/python_xyft/Dao/MysqlDBManager.py:11: Warning: Table 'person' already exists
  result = cur.execute(sql)
/home/ubuntu/Python/python_xyft/Dao/MysqlDBManager.py:11: Warning: Table 'beatlist' already exists
  result = cur.execute(sql)
Crawser_Start ----------------> 
DELETE FROM xyft.tongji WHERE qishu > 0;
insert into person(personID,name,device,headImage,level,money,status) values (100,'&#x5E78;&#x8FD0;&#x8BA1;&#x5212;','&#x5E78;&#x8FD0;&#x8BA1;&#x5212;','0',0,0,'0')
()
insert into person(personID,name,device,headImage,level,money,status) values (101,'&#x725B;&#x725B;&#x8BA1;&#x5212;','&#x725B;&#x725B;&#x8BA1;&#x5212;','0',0,0,'0')
()
insert into person(personID,name,device,headImage,level,money,status) values (102,'&#x5F69;&#x86CB;&#x8BA1;&#x5212;','&#x5F69;&#x86CB;&#x8BA1;&#x5212;','0',0,0,'0')
()
insert into person(personID,name,device,headImage,level,money,status) values (103,'&#x6C34;&#x679C;&#x8BA1;&#x5212;','&#x6C34;&#x679C;&#x8BA1;&#x5212;','0',0,0,'0')
()
insert into person(personID,name,device,headImage,level,money,status) values (104,'&#x4E3B;&#x5E2D;&#x8BA1;&#x5212;','&#x4E3B;&#x5E2D;&#x8BA1;&#x5212;','0',0,0,'0')
()
insert into person(personID,name,device,headImage,level,money,status) values (105,'&#x5C71;&#x7F8A;&#x8BA1;&#x5212;','&#x5C71;&#x7F8A;&#x8BA1;&#x5212;','0',0,0,'0')
()
insert into person(personID,name,device,headImage,level,money,status) values (106,'&#x76D6;&#x4F26;&#x8BA1;&#x5212;','&#x76D6;&#x4F26;&#x8BA1;&#x5212;','0',0,0,'0')
()
insert into person(personID,name,device,headImage,level,money,status) values (107,'&#x5C0F;&#x9ED1;&#x8BA1;&#x5212;','&#x5C0F;&#x9ED1;&#x8BA1;&#x5212;','0',0,0,'0')
()
insert into person(personID,name,device,headImage,level,money,status) values (108,'&#x8FDB;&#x53D6;&#x8BA1;&#x5212;','&#x8FDB;&#x53D6;&#x8BA1;&#x5212;','0',0,0,'0')
()
insert into person(personID,name,device,headImage,level,money,status) values (109,'&#x52C7;&#x6C14;&#x8BA1;&#x5212;','&#x52C7;&#x6C14;&#x8BA1;&#x5212;','0',0,0,'0')
()
Crawser_Start ----------------> 
Crawser_Start ----------------> 
Crawser_Start ----------------> 
Crawser_Start ----------------> 
Crawser_Start ----------------> 
/home/ubuntu/Python/python_xyft/Dao/MysqlDBManager.py:11: Warning: Table 'person' already exists
  result = cur.execute(sql)
/home/ubuntu/Python/python_xyft/Dao/MysqlDBManager.py:11: Warning: Table 'beatlist' already exists
  result = cur.execute(sql)
Crawser_Start ----------------> 
DELETE FROM xyft.tongji WHERE qishu > 0;
Crawser_Start ----------------> 
Crawser_Start ----------------> 
Crawser_Start ----------------> 
/home/ubuntu/Python/python_xyft/Dao/MysqlDBManager.py:11: Warning: Table 'person' already exists
  result = cur.execute(sql)
/home/ubuntu/Python/python_xyft/Dao/MysqlDBManager.py:11: Warning: Table 'beatlist' already exists
  result = cur.execute(sql)
Crawser_Start ----------------> 
DELETE FROM xyft.tongji WHERE qishu > 0;
Crawser_Start ----------------> 
Crawser_Start ----------------> 
Crawser_Start ----------------> 
Crawser_Start ----------------> 
Crawser_Start ----------------> 
/home/ubuntu/Python/python_xyft/Dao/MysqlDBManager.py:11: Warning: Table 'person' already exists
  result = cur.execute(sql)
/home/ubuntu/Python/python_xyft/Dao/MysqlDBManager.py:11: Warning: Table 'beatlist' already exists
  result = cur.execute(sql)
Crawser_Start ----------------> 
DELETE FROM xyft.tongji WHERE qishu > 0;
Crawser_Start ----------------> 
Crawser_Start ----------------> 
Crawser_Start ----------------> 
Crawser_Start ----------------> 
/home/ubuntu/Python/python_xyft/Dao/MysqlDBManager.py:11: Warning: Table 'person' already exists
  result = cur.execute(sql)
/home/ubuntu/Python/python_xyft/Dao/MysqlDBManager.py:11: Warning: Table 'beatlist' already exists
  result = cur.execute(sql)
Crawser_Start ----------------> 
DELETE FROM xyft.tongji WHERE qishu > 0;
Crawser_Start ----------------> 
Crawser_Start ----------------> 
Crawser_Start ----------------> 
/home/ubuntu/Python/python_xyft/Dao/MysqlDBManager.py:11: Warning: Table 'person' already exists
  result = cur.execute(sql)
/home/ubuntu/Python/python_xyft/Dao/MysqlDBManager.py:11: Warning: Table 'beatlist' already exists
  result = cur.execute(sql)
Crawser_Start ----------------> 
DELETE FROM xyft.tongji WHERE qishu > 0;
Crawser_Start ----------------> 
Crawser_Start ----------------> 
Crawser_Start ----------------> 
Crawser_Start ----------------> 
Crawser_Start ----------------> 
/home/ubuntu/Python/python_xyft/Dao/MysqlDBManager.py:11: Warning: Table 'person' already exists
  result = cur.execute(sql)
/home/ubuntu/Python/python_xyft/Dao/MysqlDBManager.py:11: Warning: Table 'beatlist' already exists
  result = cur.execute(sql)
Crawser_Start ----------------> 
DELETE FROM xyft.tongji WHERE qishu > 0;
Crawser_Start ----------------> 
Crawser_Start ----------------> 
Crawser_Start ----------------> 
Crawser_Start ----------------> 
/home/ubuntu/Python/python_xyft/Dao/MysqlDBManager.py:11: Warning: Table 'person' already exists
  result = cur.execute(sql)
/home/ubuntu/Python/python_xyft/Dao/MysqlDBManager.py:11: Warning: Table 'beatlist' already exists
  result = cur.execute(sql)
Crawser_Start ----------------> 
DELETE FROM xyft.tongji WHERE qishu > 0;
Crawser_Start ----------------> 
Crawser_Start ----------------> 
Crawser_Start ----------------> 
/home/ubuntu/Python/python_xyft/Dao/MysqlDBManager.py:11: Warning: Table 'person' already exists
  result = cur.execute(sql)
/home/ubuntu/Python/python_xyft/Dao/MysqlDBManager.py:11: Warning: Table 'beatlist' already exists
  result = cur.execute(sql)
Crawser_Start ----------------> 
DELETE FROM xyft.tongji WHERE qishu > 0;
Crawser_Start ----------------> 
Crawser_Start ----------------> 
Crawser_Start ----------------> 
Crawser_Start ----------------> 
Crawser_Start ----------------> 
/home/ubuntu/Python/python_xyft/Dao/MysqlDBManager.py:11: Warning: Table 'person' already exists
  result = cur.execute(sql)
/home/ubuntu/Python/python_xyft/Dao/MysqlDBManager.py:11: Warning: Table 'beatlist' already exists
  result = cur.execute(sql)
Crawser_Start ----------------> 
DELETE FROM xyft.tongji WHERE qishu > 0;
Crawser_Start ----------------> 
Crawser_Start ----------------> 
Crawser_Start ----------------> 
Crawser_Start ----------------> 
/home/ubuntu/Python/python_xyft/Dao/MysqlDBManager.py:11: Warning: Table 'person' already exists
  result = cur.execute(sql)
/home/ubuntu/Python/python_xyft/Dao/MysqlDBManager.py:11: Warning: Table 'beatlist' already exists
  result = cur.execute(sql)
Crawser_Start ----------------> 
DELETE FROM xyft.tongji WHERE qishu > 0;
Crawser_Start ----------------> 
Crawser_Start ----------------> 
Crawser_Start ----------------> 
Crawser_Start ----------------> 
/home/ubuntu/Python/python_xyft/Dao/MysqlDBManager.py:11: Warning: Table 'person' already exists
  result = cur.execute(sql)
/home/ubuntu/Python/python_xyft/Dao/MysqlDBManager.py:11: Warning: Table 'beatlist' already exists
  result = cur.execute(sql)
Crawser_Start ----------------> 
DELETE FROM xyft.tongji WHERE qishu > 0;
Crawser_Start ----------------> 
Crawser_Start ----------------> 
Crawser_Start ----------------> 
/home/ubuntu/Python/python_xyft/Dao/MysqlDBManager.py:11: Warning: Table 'person' already exists
  result = cur.execute(sql)
/home/ubuntu/Python/python_xyft/Dao/MysqlDBManager.py:11: Warning: Table 'beatlist' already exists
  result = cur.execute(sql)
Crawser_Start ----------------> 
DELETE FROM xyft.tongji WHERE qishu > 0;
Crawser_Start ----------------> 
Crawser_Start ----------------> 
Crawser_Start ----------------> 
Crawser_Start ----------------> 
/home/ubuntu/Python/python_xyft/Dao/MysqlDBManager.py:11: Warning: Table 'person' already exists
  result = cur.execute(sql)
/home/ubuntu/Python/python_xyft/Dao/MysqlDBManager.py:11: Warning: Table 'beatlist' already exists
  result = cur.execute(sql)
Crawser_Start ----------------> 
DELETE FROM xyft.tongji WHERE qishu > 0;
Crawser_Start ----------------> 
Crawser_Start ----------------> 
Crawser_Start ----------------> 
Crawser_Start ----------------> 
Crawser_Start ----------------> 
/home/ubuntu/Python/python_xyft/Dao/MysqlDBManager.py:11: Warning: Table 'person' already exists
  result = cur.execute(sql)
/home/ubuntu/Python/python_xyft/Dao/MysqlDBManager.py:11: Warning: Table 'beatlist' already exists
  result = cur.execute(sql)
Crawser_Start ----------------> 
DELETE FROM xyft.tongji WHERE qishu > 0;
Crawser_Start ----------------> 
Crawser_Start ----------------> 
Crawser_Start ----------------> 
/home/ubuntu/Python/python_xyft/Dao/MysqlDBManager.py:11: Warning: Table 'person' already exists
  result = cur.execute(sql)
/home/ubuntu/Python/python_xyft/Dao/MysqlDBManager.py:11: Warning: Table 'beatlist' already exists
  result = cur.execute(sql)
Crawser_Start ----------------> 
DELETE FROM xyft.tongji WHERE qishu > 0;
Crawser_Start ----------------> 
Crawser_Start ----------------> 
Crawser_Start ----------------> 
Crawser_Start ----------------> 
Crawser_Start ----------------> 
/home/ubuntu/Python/python_xyft/Dao/MysqlDBManager.py:11: Warning: Table 'person' already exists
  result = cur.execute(sql)
/home/ubuntu/Python/python_xyft/Dao/MysqlDBManager.py:11: Warning: Table 'beatlist' already exists
  result = cur.execute(sql)
Crawser_Start ----------------> 
DELETE FROM xyft.tongji WHERE qishu > 0;
Crawser_Start ----------------> 
Crawser_Start ----------------> 
Crawser_Start ----------------> 
Crawser_Start ----------------> 
/home/ubuntu/Python/python_xyft/Dao/MysqlDBManager.py:11: Warning: Table 'person' already exists
  result = cur.execute(sql)
/home/ubuntu/Python/python_xyft/Dao/MysqlDBManager.py:11: Warning: Table 'beatlist' already exists
  result = cur.execute(sql)
Crawser_Start ----------------> 
DELETE FROM xyft.tongji WHERE qishu > 0;
Crawser_Start ----------------> 
Crawser_Start ----------------> 
Crawser_Start ----------------> 
/home/ubuntu/Python/python_xyft/Dao/MysqlDBManager.py:11: Warning: Table 'person' already exists
  result = cur.execute(sql)
/home/ubuntu/Python/python_xyft/Dao/MysqlDBManager.py:11: Warning: Table 'beatlist' already exists
  result = cur.execute(sql)
Crawser_Start ----------------> 
DELETE FROM xyft.tongji WHERE qishu > 0;
Crawser_Start ----------------> 
Crawser_Start ----------------> 
Crawser_Start ----------------> 
Crawser_Start ----------------> 
Crawser_Start ----------------> 
/home/ubuntu/Python/python_xyft/Dao/MysqlDBManager.py:11: Warning: Table 'person' already exists
  result = cur.execute(sql)
/home/ubuntu/Python/python_xyft/Dao/MysqlDBManager.py:11: Warning: Table 'beatlist' already exists
  result = cur.execute(sql)
Crawser_Start ----------------> 
DELETE FROM xyft.tongji WHERE qishu > 0;
Crawser_Start ----------------> 
Crawser_Start ----------------> 
Crawser_Start ----------------> 
/home/ubuntu/Python/python_xyft/Dao/MysqlDBManager.py:11: Warning: Table 'person' already exists
  result = cur.execute(sql)
/home/ubuntu/Python/python_xyft/Dao/MysqlDBManager.py:11: Warning: Table 'beatlist' already exists
  result = cur.execute(sql)
Crawser_Start ----------------> 
DELETE FROM xyft.tongji WHERE qishu > 0;
Crawser_Start ----------------> 
Crawser_Start ----------------> 
Crawser_Start ----------------> 
Crawser_Start ----------------> 
Crawser_Start ----------------> 
/home/ubuntu/Python/python_xyft/Dao/MysqlDBManager.py:11: Warning: Table 'person' already exists
  result = cur.execute(sql)
/home/ubuntu/Python/python_xyft/Dao/MysqlDBManager.py:11: Warning: Table 'beatlist' already exists
  result = cur.execute(sql)
Crawser_Start ----------------> 
DELETE FROM xyft.tongji WHERE qishu > 0;
Crawser_Start ----------------> 
Crawser_Start ----------------> 
Crawser_Start ----------------> 
Crawser_Start ----------------> 
/home/ubuntu/Python/python_xyft/Dao/MysqlDBManager.py:11: Warning: Table 'person' already exists
  result = cur.execute(sql)
/home/ubuntu/Python/python_xyft/Dao/MysqlDBManager.py:11: Warning: Table 'beatlist' already exists
  result = cur.execute(sql)
Crawser_Start ----------------> 
DELETE FROM xyft.tongji WHERE qishu > 0;
Crawser_Start ----------------> 
Crawser_Start ----------------> 
Crawser_Start ----------------> 
Crawser_Start ----------------> 
/home/ubuntu/Python/python_xyft/Dao/MysqlDBManager.py:11: Warning: Table 'person' already exists
  result = cur.execute(sql)
/home/ubuntu/Python/python_xyft/Dao/MysqlDBManager.py:11: Warning: Table 'beatlist' already exists
  result = cur.execute(sql)
Crawser_Start ----------------> 
DELETE FROM xyft.tongji WHERE qishu > 0;
Crawser_Start ----------------> 
Crawser_Start ----------------> 
Crawser_Start ----------------> 
Crawser_Start ----------------> 
/home/ubuntu/Python/python_xyft/Dao/MysqlDBManager.py:11: Warning: Table 'person' already exists
  result = cur.execute(sql)
/home/ubuntu/Python/python_xyft/Dao/MysqlDBManager.py:11: Warning: Table 'beatlist' already exists
  result = cur.execute(sql)
Crawser_Start ----------------> 
DELETE FROM xyft.tongji WHERE qishu > 0;
Crawser_Start ----------------> 
Crawser_Start ----------------> 
Crawser_Start ----------------> 
Crawser_Start ----------------> 
/home/ubuntu/Python/python_xyft/Dao/MysqlDBManager.py:11: Warning: Table 'person' already exists
  result = cur.execute(sql)
/home/ubuntu/Python/python_xyft/Dao/MysqlDBManager.py:11: Warning: Table 'beatlist' already exists
  result = cur.execute(sql)
Crawser_Start ----------------> 
DELETE FROM xyft.tongji WHERE qishu > 0;
Crawser_Start ----------------> 
Crawser_Start ----------------> 
Crawser_Start ----------------> 
Crawser_Start ----------------> 
/home/ubuntu/Python/python_xyft/Dao/MysqlDBManager.py:11: Warning: Table 'person' already exists
  result = cur.execute(sql)
/home/ubuntu/Python/python_xyft/Dao/MysqlDBManager.py:11: Warning: Table 'beatlist' already exists
  result = cur.execute(sql)
Crawser_Start ----------------> 
DELETE FROM xyft.tongji WHERE qishu > 0;
Crawser_Start ----------------> 
Crawser_Start ----------------> 
Crawser_Start ----------------> 
Crawser_Start ----------------> 
/home/ubuntu/Python/python_xyft/Dao/MysqlDBManager.py:11: Warning: Table 'person' already exists
  result = cur.execute(sql)
/home/ubuntu/Python/python_xyft/Dao/MysqlDBManager.py:11: Warning: Table 'beatlist' already exists
  result = cur.execute(sql)
Crawser_Start ----------------> 
DELETE FROM xyft.tongji WHERE qishu > 0;
Crawser_Start ----------------> 
Crawser_Start ----------------> 
Crawser_Start ----------------> 
Crawser_Start ----------------> 
/home/ubuntu/Python/python_xyft/Dao/MysqlDBManager.py:11: Warning: Table 'person' already exists
  result = cur.execute(sql)
/home/ubuntu/Python/python_xyft/Dao/MysqlDBManager.py:11: Warning: Table 'beatlist' already exists
  result = cur.execute(sql)
Crawser_Start ----------------> 
DELETE FROM xyft.tongji WHERE qishu > 0;
Crawser_Start ----------------> 
Crawser_Start ----------------> 
Crawser_Start ----------------> 
Crawser_Start ----------------> 
/home/ubuntu/Python/python_xyft/Dao/MysqlDBManager.py:11: Warning: Table 'person' already exists
  result = cur.execute(sql)
/home/ubuntu/Python/python_xyft/Dao/MysqlDBManager.py:11: Warning: Table 'beatlist' already exists
  result = cur.execute(sql)
Crawser_Start ----------------> 
DELETE FROM xyft.tongji WHERE qishu > 0;
Crawser_Start ----------------> 
Crawser_Start ----------------> 
Crawser_Start ----------------> 
/home/ubuntu/Python/python_xyft/Dao/MysqlDBManager.py:11: Warning: Table 'person' already exists
  result = cur.execute(sql)
/home/ubuntu/Python/python_xyft/Dao/MysqlDBManager.py:11: Warning: Table 'beatlist' already exists
  result = cur.execute(sql)
Crawser_Start ----------------> 
DELETE FROM xyft.tongji WHERE qishu > 0;
Crawser_Start ----------------> 
Crawser_Start ----------------> 
Crawser_Start ----------------> 
Crawser_Start ----------------> 
/home/ubuntu/Python/python_xyft/Dao/MysqlDBManager.py:11: Warning: Table 'person' already exists
  result = cur.execute(sql)
/home/ubuntu/Python/python_xyft/Dao/MysqlDBManager.py:11: Warning: Table 'beatlist' already exists
  result = cur.execute(sql)
Crawser_Start ----------------> 
DELETE FROM xyft.tongji WHERE qishu > 0;
Crawser_Start ----------------> 
Crawser_Start ----------------> 
Crawser_Start ----------------> 
Crawser_Start ----------------> 
/home/ubuntu/Python/python_xyft/Dao/MysqlDBManager.py:11: Warning: Table 'person' already exists
  result = cur.execute(sql)
/home/ubuntu/Python/python_xyft/Dao/MysqlDBManager.py:11: Warning: Table 'beatlist' already exists
  result = cur.execute(sql)
Crawser_Start ----------------> 
DELETE FROM xyft.tongji WHERE qishu > 0;
Crawser_Start ----------------> 
Crawser_Start ----------------> 
Crawser_Start ----------------> 
Crawser_Start ----------------> 
Crawser_Start ----------------> 
/home/ubuntu/Python/python_xyft/Dao/MysqlDBManager.py:11: Warning: Table 'person' already exists
  result = cur.execute(sql)
/home/ubuntu/Python/python_xyft/Dao/MysqlDBManager.py:11: Warning: Table 'beatlist' already exists
  result = cur.execute(sql)
Crawser_Start ----------------> 
DELETE FROM xyft.tongji WHERE qishu > 0;
Crawser_Start ----------------> 
Crawser_Start ----------------> 
Crawser_Start ----------------> 
Crawser_Start ----------------> 
/home/ubuntu/Python/python_xyft/Dao/MysqlDBManager.py:11: Warning: Table 'person' already exists
  result = cur.execute(sql)
/home/ubuntu/Python/python_xyft/Dao/MysqlDBManager.py:11: Warning: Table 'beatlist' already exists
  result = cur.execute(sql)
Crawser_Start ----------------> 
DELETE FROM xyft.tongji WHERE qishu > 0;
Crawser_Start ----------------> 
Crawser_Start ----------------> 
Crawser_Start ----------------> 
/home/ubuntu/Python/python_xyft/Dao/MysqlDBManager.py:11: Warning: Table 'person' already exists
  result = cur.execute(sql)
/home/ubuntu/Python/python_xyft/Dao/MysqlDBManager.py:11: Warning: Table 'beatlist' already exists
  result = cur.execute(sql)
Crawser_Start ----------------> 
DELETE FROM xyft.tongji WHERE qishu > 0;
Crawser_Start ----------------> 
Crawser_Start ----------------> 
Crawser_Start ----------------> 
Crawser_Start ----------------> 
maka_do_sql mysql Error 2002: Can't connect to local MySQL server through socket '/var/run/mysqld/mysqld.sock' (2)
maka_do_sql mysql Error 2002: Can't connect to local MySQL server through socket '/var/run/mysqld/mysqld.sock' (2)
maka_do_sql mysql Error 2002: Can't connect to local MySQL server through socket '/var/run/mysqld/mysqld.sock' (2)
Traceback (most recent call last):
  File "/home/ubuntu/Python/python_xyft/index_timer.py", line 57, in <module>
    cm.calculate()
  File "/home/ubuntu/Python/python_xyft/Calculate/CalculateManager.py", line 18, in calculate
    if len(self.dataList) == 0:
TypeError: object of type 'NoneType' has no len()
/home/ubuntu/Python/python_xyft/Dao/MysqlDBManager.py:11: Warning: Table 'person' already exists
  result = cur.execute(sql)
/home/ubuntu/Python/python_xyft/Dao/MysqlDBManager.py:11: Warning: Table 'beatlist' already exists
  result = cur.execute(sql)
Crawser_Start ----------------> 
DELETE FROM xyft.tongji WHERE qishu > 0;
Crawser_Start ----------------> 
Crawser_Start ----------------> 
Crawser_Start ----------------> 
Crawser_Start ----------------> 
Crawser_Start ----------------> 
/home/ubuntu/Python/python_xyft/Dao/MysqlDBManager.py:11: Warning: Table 'person' already exists
  result = cur.execute(sql)
/home/ubuntu/Python/python_xyft/Dao/MysqlDBManager.py:11: Warning: Table 'beatlist' already exists
  result = cur.execute(sql)
Crawser_Start ----------------> 
DELETE FROM xyft.tongji WHERE qishu > 0;
Crawser_Start ----------------> 
Crawser_Start ----------------> 
Crawser_Start ----------------> 
/home/ubuntu/Python/python_xyft/Dao/MysqlDBManager.py:11: Warning: Table 'person' already exists
  result = cur.execute(sql)
/home/ubuntu/Python/python_xyft/Dao/MysqlDBManager.py:11: Warning: Table 'beatlist' already exists
  result = cur.execute(sql)
Crawser_Start ----------------> 
DELETE FROM xyft.tongji WHERE qishu > 0;
Crawser_Start ----------------> 
Crawser_Start ----------------> 
Crawser_Start ----------------> 
Crawser_Start ----------------> 
maka_do_sql mysql Error 2002: Can't connect to local MySQL server through socket '/var/run/mysqld/mysqld.sock' (2)
maka_do_sql mysql Error 2002: Can't connect to local MySQL server through socket '/var/run/mysqld/mysqld.sock' (2)
maka_do_sql mysql Error 2002: Can't connect to local MySQL server through socket '/var/run/mysqld/mysqld.sock' (2)
Traceback (most recent call last):
  File "/home/ubuntu/Python/python_xyft/index_timer.py", line 57, in <module>
    cm.calculate()
  File "/home/ubuntu/Python/python_xyft/Calculate/CalculateManager.py", line 18, in calculate
    if len(self.dataList) == 0:
TypeError: object of type 'NoneType' has no len()
Crawser_Start ----------------> 
/home/ubuntu/Python/python_xyft/Dao/MysqlDBManager.py:11: Warning: Table 'person' already exists
  result = cur.execute(sql)
/home/ubuntu/Python/python_xyft/Dao/MysqlDBManager.py:11: Warning: Table 'beatlist' already exists
  result = cur.execute(sql)
Crawser_Start ----------------> 
DELETE FROM xyft.tongji WHERE qishu > 0;
Crawser_Start ----------------> 
Crawser_Start ----------------> 
Crawser_Start ----------------> 
Crawser_Start ----------------> 
/home/ubuntu/Python/python_xyft/Dao/MysqlDBManager.py:11: Warning: Table 'person' already exists
  result = cur.execute(sql)
/home/ubuntu/Python/python_xyft/Dao/MysqlDBManager.py:11: Warning: Table 'beatlist' already exists
  result = cur.execute(sql)
Crawser_Start ----------------> 
DELETE FROM xyft.tongji WHERE qishu > 0;
Crawser_Start ----------------> 
Crawser_Start ----------------> 
Crawser_Start ----------------> 
/home/ubuntu/Python/python_xyft/Dao/MysqlDBManager.py:11: Warning: Table 'person' already exists
  result = cur.execute(sql)
/home/ubuntu/Python/python_xyft/Dao/MysqlDBManager.py:11: Warning: Table 'beatlist' already exists
  result = cur.execute(sql)
Crawser_Start ----------------> 
DELETE FROM xyft.tongji WHERE qishu > 0;
Crawser_Start ----------------> 
Crawser_Start ----------------> 
Crawser_Start ----------------> 
Crawser_Start ----------------> 
/home/ubuntu/Python/python_xyft/Dao/MysqlDBManager.py:11: Warning: Table 'person' already exists
  result = cur.execute(sql)
/home/ubuntu/Python/python_xyft/Dao/MysqlDBManager.py:11: Warning: Table 'beatlist' already exists
  result = cur.execute(sql)
Crawser_Start ----------------> 
DELETE FROM xyft.tongji WHERE qishu > 0;
()
()
()
()
()
()
()
()
()
()
Crawser_Start ----------------> 
Crawser_Start ----------------> 
Crawser_Start ----------------> 
Crawser_Start ----------------> 
Crawser_Start ----------------> 
/home/ubuntu/Python/python_xyft/Dao/MysqlDBManager.py:11: Warning: Table 'person' already exists
  result = cur.execute(sql)
/home/ubuntu/Python/python_xyft/Dao/MysqlDBManager.py:11: Warning: Table 'beatlist' already exists
  result = cur.execute(sql)
Crawser_Start ----------------> 
DELETE FROM xyft.tongji WHERE qishu > 0;
Crawser_Start ----------------> 
Crawser_Start ----------------> 
Crawser_Start ----------------> 
